<?xml version="1.0" encoding="UTF-8"?>
<!-- Generated by org.testng.reporters.JUnitXMLReporter -->
<testsuite ignored="0" hostname="DESKTOP-PNIJDNB" failures="1" tests="7" name="Test" time="20.167" errors="0" timestamp="2022-05-13T12:19:44 IST">
  <testcase classname="com.simplilearn.demo.GroupTest" name="launchChrome" time="14.723"/>
  <testcase classname="com.simplilearn.demo.GroupTest" name="launchFirefox" time="0.081">
    <failure type="java.lang.IllegalStateException" message="The driver executable must exist: D:\Workspace-phase5\Phase-5_Session-3\firefox_driver_path">
      <![CDATA[java.lang.IllegalStateException: The driver executable must exist: D:\Workspace-phase5\Phase-5_Session-3\firefox_driver_path
at org.openqa.selenium.internal.Require$FileStateChecker.isFile(Require.java:342)
at org.openqa.selenium.remote.service.DriverService.checkExecutable(DriverService.java:147)
at org.openqa.selenium.remote.service.DriverService.findExecutable(DriverService.java:142)
at org.openqa.selenium.firefox.GeckoDriverService.access$100(GeckoDriverService.java:45)
at org.openqa.selenium.firefox.GeckoDriverService$Builder.findDefaultExecutable(GeckoDriverService.java:181)
at org.openqa.selenium.remote.service.DriverService$Builder.build(DriverService.java:437)
at org.openqa.selenium.firefox.GeckoDriverService.createDefaultService(GeckoDriverService.java:94)
at org.openqa.selenium.firefox.FirefoxDriver.<init>(FirefoxDriver.java:106)
at org.openqa.selenium.firefox.FirefoxDriver.<init>(FirefoxDriver.java:86)
at com.simplilearn.demo.GroupTest.launchFirefox(GroupTest.java:44)
at java.base/java.util.ArrayList.forEach(ArrayList.java:1511)
... Removed 27 stack frames]]>
    </failure>
  </testcase> <!-- launchFirefox -->
  <testcase classname="com.simplilearn.demo.GroupTest" name="loginwithChrome" time="0.842"/>
  <testcase classname="com.simplilearn.demo.GroupTest" name="loginwithFirefox" time="0.001">
    <skipped/>
  </testcase> <!-- loginwithFirefox -->
  <testcase classname="com.simplilearn.demo.FirstDemo" name="Hello" time="0.004"/>
  <testcase classname="com.simplilearn.demo.Facebook" name="welcome" time="0.002"/>
  <testcase classname="com.simplilearn.demo.AutomaticAnnotationDemo" name="Hello" time="0.002"/>
</testsuite> <!-- Test -->
